23/04/2019 11:49:10 passing arg to libvncserver: -rfbport
23/04/2019 11:49:10 passing arg to libvncserver: 60001
23/04/2019 11:49:10 passing arg to libvncserver: -rfbportv6
23/04/2019 11:49:10 passing arg to libvncserver: 60001
###############################################################
#@@@@@@@@@@@@@@@@@@@@@@@@@@@@@@@@@@@@@@@@@@@@@@@@@@@@@@@@@@@@@#
#@                                                           @#
#@  **  WARNING  **  WARNING  **  WARNING  **  WARNING  **   @#
#@                                                           @#
#@        YOU ARE RUNNING X11VNC WITHOUT A PASSWORD!!        @#
#@                                                           @#
#@  This means anyone with network access to this computer   @#
#@  may be able to view and control your desktop.            @#
#@                                                           @#
#@ >>> If you did not mean to do this Press CTRL-C now!! <<< @#
#@                                                           @#
#@@@@@@@@@@@@@@@@@@@@@@@@@@@@@@@@@@@@@@@@@@@@@@@@@@@@@@@@@@@@@#
#@                                                           @#
#@  You can create an x11vnc password file by running:       @#
#@                                                           @#
#@       x11vnc -storepasswd password /path/to/passfile      @#
#@  or   x11vnc -storepasswd /path/to/passfile               @#
#@  or   x11vnc -storepasswd                                 @#
#@                                                           @#
#@  (the last one will use ~/.vnc/passwd)                    @#
#@                                                           @#
#@  and then starting x11vnc via:                            @#
#@                                                           @#
#@      x11vnc -rfbauth /path/to/passfile                    @#
#@                                                           @#
#@  an existing ~/.vnc/passwd file from another VNC          @#
#@  application will work fine too.                          @#
#@                                                           @#
#@  You can also use the -passwdfile or -passwd options.     @#
#@  (note -passwd is unsafe if local users are not trusted)  @#
#@                                                           @#
#@  Make sure any -rfbauth and -passwdfile password files    @#
#@  cannot be read by untrusted users.                       @#
#@                                                           @#
#@  Use x11vnc -usepw to automatically use your              @#
#@  ~/.vnc/passwd or ~/.vnc/passwdfile password files.       @#
#@  (and prompt you to create ~/.vnc/passwd if neither       @#
#@  file exists.)  Under -usepw, x11vnc will exit if it      @#
#@  cannot find a password to use.                           @#
#@                                                           @#
#@                                                           @#
#@  Even with a password, the subsequent VNC traffic is      @#
#@  sent in the clear.  Consider tunnelling via ssh(1):      @#
#@                                                           @#
#@    http://www.karlrunge.com/x11vnc/#tunnelling            @#
#@                                                           @#
#@  Or using the x11vnc SSL options: -ssl and -stunnel       @#
#@                                                           @#
#@  Please Read the documention for more info about          @#
#@  passwords, security, and encryption.                     @#
#@                                                           @#
#@    http://www.karlrunge.com/x11vnc/faq.html#faq-passwd    @#
#@                                                           @#
#@  To disable this warning use the -nopw option, or put     @#
#@  'nopw' on a line in your ~/.x11vncrc file.               @#
#@                                                           @#
#@@@@@@@@@@@@@@@@@@@@@@@@@@@@@@@@@@@@@@@@@@@@@@@@@@@@@@@@@@@@@#
###############################################################
23/04/2019 11:49:11 x11vnc version: 0.9.13 lastmod: 2011-08-10  pid: 194
23/04/2019 11:49:16 Using X display :91
23/04/2019 11:49:16 rootwin: 0x25c reswin: 0x400001 dpy: 0x1777ed0
23/04/2019 11:49:16 
23/04/2019 11:49:16 ------------------ USEFUL INFORMATION ------------------
23/04/2019 11:49:16 X DAMAGE available on display, using it for polling hints.
23/04/2019 11:49:16   To disable this behavior use: '-noxdamage'
23/04/2019 11:49:16 
23/04/2019 11:49:16   Most compositing window managers like 'compiz' or 'beryl'
23/04/2019 11:49:16   cause X DAMAGE to fail, and so you may not see any screen
23/04/2019 11:49:16   updates via VNC.  Either disable 'compiz' (recommended) or
23/04/2019 11:49:16   supply the x11vnc '-noxdamage' command line option.
23/04/2019 11:49:16 
23/04/2019 11:49:16 Wireframing: -wireframe mode is in effect for window moves.
23/04/2019 11:49:16   If this yields undesired behavior (poor response, painting
23/04/2019 11:49:16   errors, etc) it may be disabled:
23/04/2019 11:49:16    - use '-nowf' to disable wireframing completely.
23/04/2019 11:49:16    - use '-nowcr' to disable the Copy Rectangle after the
23/04/2019 11:49:16      moved window is released in the new position.
23/04/2019 11:49:16   Also see the -help entry for tuning parameters.
23/04/2019 11:49:16   You can press 3 Alt_L's (Left "Alt" key) in a row to 
23/04/2019 11:49:16   repaint the screen, also see the -fixscreen option for
23/04/2019 11:49:16   periodic repaints.
23/04/2019 11:49:16 
23/04/2019 11:49:16 XFIXES available on display, resetting cursor mode
23/04/2019 11:49:16   to: '-cursor most'.
23/04/2019 11:49:16   to disable this behavior use: '-cursor arrow'
23/04/2019 11:49:16   or '-noxfixes'.
23/04/2019 11:49:16 using XFIXES for cursor drawing.
23/04/2019 11:49:16 GrabServer control via XTEST.
23/04/2019 11:49:16 
23/04/2019 11:49:16 Scroll Detection: -scrollcopyrect mode is in effect to
23/04/2019 11:49:16   use RECORD extension to try to detect scrolling windows
23/04/2019 11:49:16   (induced by either user keystroke or mouse input).
23/04/2019 11:49:16   If this yields undesired behavior (poor response, painting
23/04/2019 11:49:16   errors, etc) it may be disabled via: '-noscr'
23/04/2019 11:49:16   Also see the -help entry for tuning parameters.
23/04/2019 11:49:16   You can press 3 Alt_L's (Left "Alt" key) in a row to 
23/04/2019 11:49:16   repaint the screen, also see the -fixscreen option for
23/04/2019 11:49:16   periodic repaints.
23/04/2019 11:49:16 
23/04/2019 11:49:16 XKEYBOARD: number of keysyms per keycode 7 is greater
23/04/2019 11:49:16   than 4 and 51 keysyms are mapped above 4.
23/04/2019 11:49:16   Automatically switching to -xkb mode.
23/04/2019 11:49:16   If this makes the key mapping worse you can
23/04/2019 11:49:16   disable it with the "-noxkb" option.
23/04/2019 11:49:16   Also, remember "-remap DEAD" for accenting characters.
23/04/2019 11:49:16 
23/04/2019 11:49:16 X FBPM extension not supported.
23/04/2019 11:49:16 X display is not capable of DPMS.
23/04/2019 11:49:16 --------------------------------------------------------
23/04/2019 11:49:16 
23/04/2019 11:49:16 Default visual ID: 0x21
23/04/2019 11:49:16 Read initial data from X display into framebuffer.
23/04/2019 11:49:16 initialize_screen: fb_depth/fb_bpp/fb_Bpl 24/32/7680
23/04/2019 11:49:16 
23/04/2019 11:49:16 X display :91 is 32bpp depth=24 true color
23/04/2019 11:49:16 
23/04/2019 11:49:16 Listening for VNC connections on TCP port 60001
23/04/2019 11:49:16 Listening for VNC connections on TCP6 port 60001
23/04/2019 11:49:16 listen6: bind: Address already in use
23/04/2019 11:49:16 Not listening on IPv6 interface.
23/04/2019 11:49:16 
23/04/2019 11:49:16 Xinerama is present and active (e.g. multi-head).
23/04/2019 11:49:16 Xinerama: number of sub-screens: 1
23/04/2019 11:49:16 Xinerama: no blackouts needed (only one sub-screen)
23/04/2019 11:49:16 
23/04/2019 11:49:16 fb read rate: 757 MB/sec
23/04/2019 11:49:16 fast read: reset -wait  ms to: 10
23/04/2019 11:49:16 fast read: reset -defer ms to: 10
23/04/2019 11:49:16 The X server says there are 10 mouse buttons.
23/04/2019 11:49:16 screen setup finished.
23/04/2019 11:49:16 
23/04/2019 11:49:16 WARNING: You are running x11vnc WITHOUT a password.  See
23/04/2019 11:49:16 WARNING: the warning message printed above for more info.
23/04/2019 11:49:16 

The VNC desktop is:      7d195e5d69f7:54101
23/04/2019 11:49:16 possible aliases:  7d195e5d69f7:60001, 7d195e5d69f7::60001

******************************************************************************
Have you tried the x11vnc '-ncache' VNC client-side pixel caching feature yet?

The scheme stores pixel data offscreen on the VNC viewer side for faster
retrieval.  It should work with any VNC viewer.  Try it by running:

    x11vnc -ncache 10 ...

One can also add -ncache_cr for smooth 'copyrect' window motion.
More info: http://www.karlrunge.com/x11vnc/faq.html#faq-client-caching

23/04/2019 11:49:16 Got connection from client 127.0.0.1
23/04/2019 11:49:16   other clients:
23/04/2019 11:49:16 webSocketsHandshake: unknown connection error
23/04/2019 11:49:16 Client 127.0.0.1 gone
23/04/2019 11:49:16 Statistics             events    Transmit/ RawEquiv ( saved)
23/04/2019 11:49:16  TOTALS              :      0 |         0/        0 (  0.0%)
23/04/2019 11:49:16 Statistics             events    Received/ RawEquiv ( saved)
23/04/2019 11:49:16  TOTALS              :      0 |         0/        0 (  0.0%)
23/04/2019 11:49:29 Got connection from client 127.0.0.1
23/04/2019 11:49:29   other clients:
23/04/2019 11:49:29 Normal socket connection
23/04/2019 11:49:29 Disabled X server key autorepeat.
23/04/2019 11:49:29   to force back on run: 'xset r on' (3 times)
23/04/2019 11:49:29 incr accepted_client=1 for 127.0.0.1:58312  sock=12
23/04/2019 11:49:29 Client Protocol Version 3.8
23/04/2019 11:49:29 Protocol version sent 3.8, using 3.8
23/04/2019 11:49:29 rfbProcessClientSecurityType: executing handler for type 1
23/04/2019 11:49:29 rfbProcessClientSecurityType: returning securityResult for client rfb version >= 3.8
23/04/2019 11:49:29 copy_tiles: allocating first_line at size 61
23/04/2019 11:49:29 Pixel format for client 127.0.0.1:
23/04/2019 11:49:29   32 bpp, depth 24, little endian
23/04/2019 11:49:29   true colour: max r 255 g 255 b 255, shift r 16 g 8 b 0
23/04/2019 11:49:29 no translation needed
23/04/2019 11:49:29 client useCopyRect: 127.0.0.1 0
23/04/2019 11:49:29 client_set_net: 127.0.0.1  0.0004
23/04/2019 11:49:29 created   xdamage object: 0x400040
23/04/2019 11:49:29 rfbProcessClientNormalMessage: ignoring unsupported encoding type tightPng
23/04/2019 11:49:29 Using image quality level 6 for client 127.0.0.1
23/04/2019 11:49:29 Using JPEG subsampling 0, Q79 for client 127.0.0.1
23/04/2019 11:49:29 Using compression level 9 for client 127.0.0.1
23/04/2019 11:49:29 Enabling NewFBSize protocol extension for client 127.0.0.1
23/04/2019 11:49:29 Enabling LastRect protocol extension for client 127.0.0.1
23/04/2019 11:49:29 Enabling full-color cursor updates for client 127.0.0.1
23/04/2019 11:49:29 rfbProcessClientNormalMessage: ignoring unsupported encoding type Enc(0xFFFFFEFE)
23/04/2019 11:49:29 rfbProcessClientNormalMessage: ignoring unsupported encoding type Enc(0xFFFFFECC)
23/04/2019 11:49:29 Enabling Xvp protocol extension for client 127.0.0.1
23/04/2019 11:49:29 rfbProcessClientNormalMessage: ignoring unsupported encoding type Enc(0xFFFFFEC8)
23/04/2019 11:49:29 rfbProcessClientNormalMessage: ignoring unsupported encoding type Enc(0xFFFFFEC7)
23/04/2019 11:49:29 Using tight encoding for client 127.0.0.1
23/04/2019 11:49:38 created selwin: 0x400041
23/04/2019 11:49:38 called initialize_xfixes()
23/04/2019 11:50:46 client 1 network rate 243.0 KB/sec (83898.8 eff KB/sec)
23/04/2019 11:50:46 client 1 latency:  3.5 ms
23/04/2019 11:50:46 dt1: 0.0157, dt2: 0.0489 dt3: 0.0035 bytes: 15255
23/04/2019 11:50:46 link_rate: LR_UNKNOWN - 3 ms, 243 KB/s
23/04/2019 11:50:51 Got connection from client 127.0.0.1
23/04/2019 11:50:51   other clients:
23/04/2019 11:50:51      127.0.0.1
23/04/2019 11:50:51 Normal socket connection
23/04/2019 11:50:51 incr accepted_client=2 for 127.0.0.1:59382  sock=13
23/04/2019 11:50:51 Client Protocol Version 3.8
23/04/2019 11:50:51 Protocol version sent 3.8, using 3.8
23/04/2019 11:50:51 rfbProcessClientSecurityType: executing handler for type 1
23/04/2019 11:50:51 rfbProcessClientSecurityType: returning securityResult for client rfb version >= 3.8
23/04/2019 11:50:51 Pixel format for client 127.0.0.1:
23/04/2019 11:50:51   32 bpp, depth 24, little endian
23/04/2019 11:50:51   true colour: max r 255 g 255 b 255, shift r 16 g 8 b 0
23/04/2019 11:50:51 no translation needed
23/04/2019 11:50:51 rfbProcessClientNormalMessage: ignoring unsupported encoding type tightPng
23/04/2019 11:50:51 Using image quality level 6 for client 127.0.0.1
23/04/2019 11:50:51 Using JPEG subsampling 0, Q79 for client 127.0.0.1
23/04/2019 11:50:51 Using compression level 9 for client 127.0.0.1
23/04/2019 11:50:51 Enabling NewFBSize protocol extension for client 127.0.0.1
23/04/2019 11:50:51 Enabling LastRect protocol extension for client 127.0.0.1
23/04/2019 11:50:51 Enabling full-color cursor updates for client 127.0.0.1
23/04/2019 11:50:51 rfbProcessClientNormalMessage: ignoring unsupported encoding type Enc(0xFFFFFEFE)
23/04/2019 11:50:51 rfbProcessClientNormalMessage: ignoring unsupported encoding type Enc(0xFFFFFECC)
23/04/2019 11:50:51 Enabling Xvp protocol extension for client 127.0.0.1
23/04/2019 11:50:51 rfbProcessClientNormalMessage: ignoring unsupported encoding type Enc(0xFFFFFEC8)
23/04/2019 11:50:51 rfbProcessClientNormalMessage: ignoring unsupported encoding type Enc(0xFFFFFEC7)
23/04/2019 11:50:51 Using tight encoding for client 127.0.0.1
23/04/2019 11:50:52 client 2 network rate 116.1 KB/sec (28587.4 eff KB/sec)
23/04/2019 11:50:52 client 2 latency:  18.7 ms
23/04/2019 11:50:52 dt1: 0.0358, dt2: 0.2637 dt3: 0.0187 bytes: 33701
23/04/2019 11:50:52 link_rate: LR_BROADBAND - 18 ms, 116 KB/s
23/04/2019 11:50:52 client useCopyRect: 127.0.0.1 -1
23/04/2019 11:50:52 client_set_net: 127.0.0.1  0.0001
23/04/2019 11:50:52 client useCopyRect: 127.0.0.1 -1
23/04/2019 11:51:11 client_count: 1
23/04/2019 11:51:11 Client 127.0.0.1 gone
23/04/2019 11:51:11 Statistics             events    Transmit/ RawEquiv ( saved)
23/04/2019 11:51:11  ServerCutText       :      1 |        28/       28 (  0.0%)
23/04/2019 11:51:11  XvpServerMessage    :      1 |         4/        4 (  0.0%)
23/04/2019 11:51:11  FramebufferUpdate   :     38 |         0/        0 (  0.0%)
23/04/2019 11:51:11  LastRect            :     14 |       168/      168 (  0.0%)
23/04/2019 11:51:11  tight               :    269 |    136318/ 29263136 ( 99.5%)
23/04/2019 11:51:11  RichCursor          :      2 |      1392/     1392 (  0.0%)
23/04/2019 11:51:11  TOTALS              :    325 |    137910/ 29264728 ( 99.5%)
23/04/2019 11:51:11 Statistics             events    Received/ RawEquiv ( saved)
23/04/2019 11:51:11  FramebufferUpdate   :     39 |       390/      390 (  0.0%)
23/04/2019 11:51:11  SetEncodings        :      1 |        68/       68 (  0.0%)
23/04/2019 11:51:11  SetPixelFormat      :      1 |        20/       20 (  0.0%)
23/04/2019 11:51:11  TOTALS              :     41 |       478/      478 (  0.0%)
23/04/2019 11:51:12 client useCopyRect: 127.0.0.1 -1
