23/04/2019 11:49:11 passing arg to libvncserver: -rfbport
23/04/2019 11:49:11 passing arg to libvncserver: 60000
23/04/2019 11:49:11 passing arg to libvncserver: -rfbportv6
23/04/2019 11:49:11 passing arg to libvncserver: 60000
###############################################################
#@@@@@@@@@@@@@@@@@@@@@@@@@@@@@@@@@@@@@@@@@@@@@@@@@@@@@@@@@@@@@#
#@                                                           @#
#@  **  WARNING  **  WARNING  **  WARNING  **  WARNING  **   @#
#@                                                           @#
#@        YOU ARE RUNNING X11VNC WITHOUT A PASSWORD!!        @#
#@                                                           @#
#@  This means anyone with network access to this computer   @#
#@  may be able to view and control your desktop.            @#
#@                                                           @#
#@ >>> If you did not mean to do this Press CTRL-C now!! <<< @#
#@                                                           @#
#@@@@@@@@@@@@@@@@@@@@@@@@@@@@@@@@@@@@@@@@@@@@@@@@@@@@@@@@@@@@@#
#@                                                           @#
#@  You can create an x11vnc password file by running:       @#
#@                                                           @#
#@       x11vnc -storepasswd password /path/to/passfile      @#
#@  or   x11vnc -storepasswd /path/to/passfile               @#
#@  or   x11vnc -storepasswd                                 @#
#@                                                           @#
#@  (the last one will use ~/.vnc/passwd)                    @#
#@                                                           @#
#@  and then starting x11vnc via:                            @#
#@                                                           @#
#@      x11vnc -rfbauth /path/to/passfile                    @#
#@                                                           @#
#@  an existing ~/.vnc/passwd file from another VNC          @#
#@  application will work fine too.                          @#
#@                                                           @#
#@  You can also use the -passwdfile or -passwd options.     @#
#@  (note -passwd is unsafe if local users are not trusted)  @#
#@                                                           @#
#@  Make sure any -rfbauth and -passwdfile password files    @#
#@  cannot be read by untrusted users.                       @#
#@                                                           @#
#@  Use x11vnc -usepw to automatically use your              @#
#@  ~/.vnc/passwd or ~/.vnc/passwdfile password files.       @#
#@  (and prompt you to create ~/.vnc/passwd if neither       @#
#@  file exists.)  Under -usepw, x11vnc will exit if it      @#
#@  cannot find a password to use.                           @#
#@                                                           @#
#@                                                           @#
#@  Even with a password, the subsequent VNC traffic is      @#
#@  sent in the clear.  Consider tunnelling via ssh(1):      @#
#@                                                           @#
#@    http://www.karlrunge.com/x11vnc/#tunnelling            @#
#@                                                           @#
#@  Or using the x11vnc SSL options: -ssl and -stunnel       @#
#@                                                           @#
#@  Please Read the documention for more info about          @#
#@  passwords, security, and encryption.                     @#
#@                                                           @#
#@    http://www.karlrunge.com/x11vnc/faq.html#faq-passwd    @#
#@                                                           @#
#@  To disable this warning use the -nopw option, or put     @#
#@  'nopw' on a line in your ~/.x11vncrc file.               @#
#@                                                           @#
#@@@@@@@@@@@@@@@@@@@@@@@@@@@@@@@@@@@@@@@@@@@@@@@@@@@@@@@@@@@@@#
###############################################################
23/04/2019 11:49:12 x11vnc version: 0.9.13 lastmod: 2011-08-10  pid: 188
23/04/2019 11:49:16 Using X display :27
23/04/2019 11:49:16 rootwin: 0x25c reswin: 0x200001 dpy: 0x1d03ed0
23/04/2019 11:49:16 
23/04/2019 11:49:16 ------------------ USEFUL INFORMATION ------------------
23/04/2019 11:49:16 X DAMAGE available on display, using it for polling hints.
23/04/2019 11:49:16   To disable this behavior use: '-noxdamage'
23/04/2019 11:49:16 
23/04/2019 11:49:16   Most compositing window managers like 'compiz' or 'beryl'
23/04/2019 11:49:16   cause X DAMAGE to fail, and so you may not see any screen
23/04/2019 11:49:16   updates via VNC.  Either disable 'compiz' (recommended) or
23/04/2019 11:49:16   supply the x11vnc '-noxdamage' command line option.
23/04/2019 11:49:16 
23/04/2019 11:49:16 Wireframing: -wireframe mode is in effect for window moves.
23/04/2019 11:49:16   If this yields undesired behavior (poor response, painting
23/04/2019 11:49:16   errors, etc) it may be disabled:
23/04/2019 11:49:16    - use '-nowf' to disable wireframing completely.
23/04/2019 11:49:16    - use '-nowcr' to disable the Copy Rectangle after the
23/04/2019 11:49:16      moved window is released in the new position.
23/04/2019 11:49:16   Also see the -help entry for tuning parameters.
23/04/2019 11:49:16   You can press 3 Alt_L's (Left "Alt" key) in a row to 
23/04/2019 11:49:16   repaint the screen, also see the -fixscreen option for
23/04/2019 11:49:16   periodic repaints.
23/04/2019 11:49:16 
23/04/2019 11:49:16 XFIXES available on display, resetting cursor mode
23/04/2019 11:49:16   to: '-cursor most'.
23/04/2019 11:49:16   to disable this behavior use: '-cursor arrow'
23/04/2019 11:49:16   or '-noxfixes'.
23/04/2019 11:49:16 using XFIXES for cursor drawing.
23/04/2019 11:49:16 GrabServer control via XTEST.
23/04/2019 11:49:16 
23/04/2019 11:49:16 Scroll Detection: -scrollcopyrect mode is in effect to
23/04/2019 11:49:16   use RECORD extension to try to detect scrolling windows
23/04/2019 11:49:16   (induced by either user keystroke or mouse input).
23/04/2019 11:49:16   If this yields undesired behavior (poor response, painting
23/04/2019 11:49:16   errors, etc) it may be disabled via: '-noscr'
23/04/2019 11:49:16   Also see the -help entry for tuning parameters.
23/04/2019 11:49:16   You can press 3 Alt_L's (Left "Alt" key) in a row to 
23/04/2019 11:49:16   repaint the screen, also see the -fixscreen option for
23/04/2019 11:49:16   periodic repaints.
23/04/2019 11:49:16 
23/04/2019 11:49:16 XKEYBOARD: number of keysyms per keycode 7 is greater
23/04/2019 11:49:16   than 4 and 51 keysyms are mapped above 4.
23/04/2019 11:49:16   Automatically switching to -xkb mode.
23/04/2019 11:49:16   If this makes the key mapping worse you can
23/04/2019 11:49:16   disable it with the "-noxkb" option.
23/04/2019 11:49:16   Also, remember "-remap DEAD" for accenting characters.
23/04/2019 11:49:16 
23/04/2019 11:49:16 X FBPM extension not supported.
23/04/2019 11:49:16 X display is not capable of DPMS.
23/04/2019 11:49:16 --------------------------------------------------------
23/04/2019 11:49:16 
23/04/2019 11:49:16 Default visual ID: 0x21
23/04/2019 11:49:16 Read initial data from X display into framebuffer.
23/04/2019 11:49:16 initialize_screen: fb_depth/fb_bpp/fb_Bpl 24/32/7680
23/04/2019 11:49:16 
23/04/2019 11:49:16 X display :27 is 32bpp depth=24 true color
23/04/2019 11:49:16 
23/04/2019 11:49:16 Listening for VNC connections on TCP port 60000
23/04/2019 11:49:16 Listening for VNC connections on TCP6 port 60000
23/04/2019 11:49:16 listen6: bind: Address already in use
23/04/2019 11:49:16 Not listening on IPv6 interface.
23/04/2019 11:49:16 
23/04/2019 11:49:16 Xinerama is present and active (e.g. multi-head).
23/04/2019 11:49:16 Xinerama: number of sub-screens: 1
23/04/2019 11:49:16 Xinerama: no blackouts needed (only one sub-screen)
23/04/2019 11:49:16 
23/04/2019 11:49:16 fb read rate: 167 MB/sec
23/04/2019 11:49:16 fast read: reset -wait  ms to: 10
23/04/2019 11:49:16 fast read: reset -defer ms to: 10
23/04/2019 11:49:16 The X server says there are 10 mouse buttons.
23/04/2019 11:49:16 screen setup finished.
23/04/2019 11:49:16 
23/04/2019 11:49:16 WARNING: You are running x11vnc WITHOUT a password.  See
23/04/2019 11:49:16 WARNING: the warning message printed above for more info.
23/04/2019 11:49:16 

The VNC desktop is:      c00a7a7ddc1c:54100
23/04/2019 11:49:16 possible aliases:  c00a7a7ddc1c:60000, c00a7a7ddc1c::60000

******************************************************************************
Have you tried the x11vnc '-ncache' VNC client-side pixel caching feature yet?

The scheme stores pixel data offscreen on the VNC viewer side for faster
retrieval.  It should work with any VNC viewer.  Try it by running:

    x11vnc -ncache 10 ...

One can also add -ncache_cr for smooth 'copyrect' window motion.
More info: http://www.karlrunge.com/x11vnc/faq.html#faq-client-caching

23/04/2019 11:49:16 Got connection from client 127.0.0.1
23/04/2019 11:49:16   other clients:
23/04/2019 11:49:16 webSocketsHandshake: unknown connection error
23/04/2019 11:49:16 Client 127.0.0.1 gone
23/04/2019 11:49:16 Statistics             events    Transmit/ RawEquiv ( saved)
23/04/2019 11:49:16  TOTALS              :      0 |         0/        0 (  0.0%)
23/04/2019 11:49:16 Statistics             events    Received/ RawEquiv ( saved)
23/04/2019 11:49:16  TOTALS              :      0 |         0/        0 (  0.0%)
23/04/2019 11:49:16 Got connection from client 127.0.0.1
23/04/2019 11:49:16   other clients:
23/04/2019 11:49:16 webSocketsHandshake: unknown connection error
23/04/2019 11:49:16 Client 127.0.0.1 gone
23/04/2019 11:49:16 Statistics             events    Transmit/ RawEquiv ( saved)
23/04/2019 11:49:16  TOTALS              :      0 |         0/        0 (  0.0%)
23/04/2019 11:49:16 Statistics             events    Received/ RawEquiv ( saved)
23/04/2019 11:49:16  TOTALS              :      0 |         0/        0 (  0.0%)
23/04/2019 11:49:29 Got connection from client 127.0.0.1
23/04/2019 11:49:29   other clients:
23/04/2019 11:49:29 Normal socket connection
23/04/2019 11:49:29 Disabled X server key autorepeat.
23/04/2019 11:49:29   to force back on run: 'xset r on' (3 times)
23/04/2019 11:49:29 incr accepted_client=1 for 127.0.0.1:41556  sock=12
23/04/2019 11:49:29 Client Protocol Version 3.8
23/04/2019 11:49:29 Protocol version sent 3.8, using 3.8
23/04/2019 11:49:30 created   xdamage object: 0x200040
23/04/2019 11:49:30 copy_tiles: allocating first_line at size 61
23/04/2019 11:49:30 rfbProcessClientSecurityType: executing handler for type 1
23/04/2019 11:49:30 rfbProcessClientSecurityType: returning securityResult for client rfb version >= 3.8
23/04/2019 11:49:30 Pixel format for client 127.0.0.1:
23/04/2019 11:49:30   32 bpp, depth 24, little endian
23/04/2019 11:49:30   true colour: max r 255 g 255 b 255, shift r 16 g 8 b 0
23/04/2019 11:49:30 no translation needed
23/04/2019 11:49:30 client useCopyRect: 127.0.0.1 0
23/04/2019 11:49:30 client_set_net: 127.0.0.1  0.0004
23/04/2019 11:49:30 rfbProcessClientNormalMessage: ignoring unsupported encoding type tightPng
23/04/2019 11:49:30 Using image quality level 6 for client 127.0.0.1
23/04/2019 11:49:30 Using JPEG subsampling 0, Q79 for client 127.0.0.1
23/04/2019 11:49:30 Using compression level 9 for client 127.0.0.1
23/04/2019 11:49:30 Enabling NewFBSize protocol extension for client 127.0.0.1
23/04/2019 11:49:30 Enabling LastRect protocol extension for client 127.0.0.1
23/04/2019 11:49:30 Enabling full-color cursor updates for client 127.0.0.1
23/04/2019 11:49:30 rfbProcessClientNormalMessage: ignoring unsupported encoding type Enc(0xFFFFFEFE)
23/04/2019 11:49:30 rfbProcessClientNormalMessage: ignoring unsupported encoding type Enc(0xFFFFFECC)
23/04/2019 11:49:30 Enabling Xvp protocol extension for client 127.0.0.1
23/04/2019 11:49:30 rfbProcessClientNormalMessage: ignoring unsupported encoding type Enc(0xFFFFFEC8)
23/04/2019 11:49:30 rfbProcessClientNormalMessage: ignoring unsupported encoding type Enc(0xFFFFFEC7)
23/04/2019 11:49:30 Using tight encoding for client 127.0.0.1
23/04/2019 11:49:38 created selwin: 0x200041
23/04/2019 11:49:38 called initialize_xfixes()
23/04/2019 11:51:29 client 1 network rate 265.7 KB/sec (91701.8 eff KB/sec)
23/04/2019 11:51:29 client 1 latency:  17.3 ms
23/04/2019 11:51:29 dt1: 0.0052, dt2: 0.0609 dt3: 0.0173 bytes: 15256
23/04/2019 11:51:29 link_rate: LR_UNKNOWN - 17 ms, 265 KB/s
23/04/2019 11:51:34 Got connection from client 127.0.0.1
23/04/2019 11:51:34   other clients:
23/04/2019 11:51:34      127.0.0.1
23/04/2019 11:51:34 Normal socket connection
23/04/2019 11:51:34 incr accepted_client=2 for 127.0.0.1:43370  sock=13
23/04/2019 11:51:34 Client Protocol Version 3.8
23/04/2019 11:51:34 Protocol version sent 3.8, using 3.8
23/04/2019 11:51:34 rfbProcessClientSecurityType: executing handler for type 1
23/04/2019 11:51:34 rfbProcessClientSecurityType: returning securityResult for client rfb version >= 3.8
23/04/2019 11:51:34 Pixel format for client 127.0.0.1:
23/04/2019 11:51:34   32 bpp, depth 24, little endian
23/04/2019 11:51:34   true colour: max r 255 g 255 b 255, shift r 16 g 8 b 0
23/04/2019 11:51:34 no translation needed
23/04/2019 11:51:34 rfbProcessClientNormalMessage: ignoring unsupported encoding type tightPng
23/04/2019 11:51:34 Using image quality level 6 for client 127.0.0.1
23/04/2019 11:51:34 Using JPEG subsampling 0, Q79 for client 127.0.0.1
23/04/2019 11:51:34 Using compression level 9 for client 127.0.0.1
23/04/2019 11:51:34 Enabling NewFBSize protocol extension for client 127.0.0.1
23/04/2019 11:51:34 Enabling LastRect protocol extension for client 127.0.0.1
23/04/2019 11:51:34 Enabling full-color cursor updates for client 127.0.0.1
23/04/2019 11:51:34 rfbProcessClientNormalMessage: ignoring unsupported encoding type Enc(0xFFFFFEFE)
23/04/2019 11:51:34 rfbProcessClientNormalMessage: ignoring unsupported encoding type Enc(0xFFFFFECC)
23/04/2019 11:51:34 Enabling Xvp protocol extension for client 127.0.0.1
23/04/2019 11:51:34 rfbProcessClientNormalMessage: ignoring unsupported encoding type Enc(0xFFFFFEC8)
23/04/2019 11:51:34 rfbProcessClientNormalMessage: ignoring unsupported encoding type Enc(0xFFFFFEC7)
23/04/2019 11:51:34 Using tight encoding for client 127.0.0.1
23/04/2019 11:51:34 client 2 network rate 224.5 KB/sec (53943.2 eff KB/sec)
23/04/2019 11:51:34 client 2 latency:  66.2 ms
23/04/2019 11:51:34 dt1: 0.0368, dt2: 0.1500 dt3: 0.0662 bytes: 34528
23/04/2019 11:51:34 link_rate: LR_BROADBAND - 66 ms, 224 KB/s
23/04/2019 11:51:34 client useCopyRect: 127.0.0.1 -1
23/04/2019 11:51:34 client_set_net: 127.0.0.1  0.0000
23/04/2019 11:51:34 client useCopyRect: 127.0.0.1 -1
23/04/2019 11:52:04 client_count: 1
23/04/2019 11:52:04 Client 127.0.0.1 gone
23/04/2019 11:52:04 Statistics             events    Transmit/ RawEquiv ( saved)
23/04/2019 11:52:04  ServerCutText       :      2 |       101/      101 (  0.0%)
23/04/2019 11:52:04  XvpServerMessage    :      1 |         4/        4 (  0.0%)
23/04/2019 11:52:04  FramebufferUpdate   :     85 |         0/        0 (  0.0%)
23/04/2019 11:52:04  LastRect            :     32 |       384/      384 (  0.0%)
23/04/2019 11:52:04  tight               :    493 |    217240/ 32672544 ( 99.3%)
23/04/2019 11:52:04  RichCursor          :      2 |      1392/     1392 (  0.0%)
23/04/2019 11:52:04  TOTALS              :    615 |    219121/ 32674425 ( 99.3%)
23/04/2019 11:52:04 Statistics             events    Received/ RawEquiv ( saved)
23/04/2019 11:52:04  FramebufferUpdate   :     85 |       850/      850 (  0.0%)
23/04/2019 11:52:04  SetEncodings        :      1 |        68/       68 (  0.0%)
23/04/2019 11:52:04  SetPixelFormat      :      1 |        20/       20 (  0.0%)
23/04/2019 11:52:04  TOTALS              :     87 |       938/      938 (  0.0%)
23/04/2019 11:52:04 client useCopyRect: 127.0.0.1 -1
23/04/2019 11:52:33 client_count: 0
23/04/2019 11:52:33 Client 127.0.0.1 gone
23/04/2019 11:52:33 Statistics             events    Transmit/ RawEquiv ( saved)
23/04/2019 11:52:33  ServerCutText       :      3 |       109/      109 (  0.0%)
23/04/2019 11:52:33  XvpServerMessage    :      1 |         4/        4 (  0.0%)
23/04/2019 11:52:33  FramebufferUpdate   :    228 |         0/        0 (  0.0%)
23/04/2019 11:52:33  LastRect            :     36 |       432/      432 (  0.0%)
23/04/2019 11:52:33  tight               :    745 |    297448/ 38435316 ( 99.2%)
23/04/2019 11:52:33  RichCursor          :      3 |      2766/     2766 (  0.0%)
23/04/2019 11:52:33  TOTALS              :   1016 |    300759/ 38438627 ( 99.2%)
23/04/2019 11:52:33 Statistics             events    Received/ RawEquiv ( saved)
23/04/2019 11:52:33  FramebufferUpdate   :    229 |      2290/     2290 (  0.0%)
23/04/2019 11:52:33  SetEncodings        :      1 |        68/       68 (  0.0%)
23/04/2019 11:52:33  SetPixelFormat      :      1 |        20/       20 (  0.0%)
23/04/2019 11:52:33  TOTALS              :    231 |      2378/     2378 (  0.0%)
23/04/2019 11:52:33 destroyed xdamage object: 0x200040
