23/04/2019 11:52:12 passing arg to libvncserver: -rfbport
23/04/2019 11:52:12 passing arg to libvncserver: 60002
23/04/2019 11:52:12 passing arg to libvncserver: -rfbportv6
23/04/2019 11:52:12 passing arg to libvncserver: 60002
###############################################################
#@@@@@@@@@@@@@@@@@@@@@@@@@@@@@@@@@@@@@@@@@@@@@@@@@@@@@@@@@@@@@#
#@                                                           @#
#@  **  WARNING  **  WARNING  **  WARNING  **  WARNING  **   @#
#@                                                           @#
#@        YOU ARE RUNNING X11VNC WITHOUT A PASSWORD!!        @#
#@                                                           @#
#@  This means anyone with network access to this computer   @#
#@  may be able to view and control your desktop.            @#
#@                                                           @#
#@ >>> If you did not mean to do this Press CTRL-C now!! <<< @#
#@                                                           @#
#@@@@@@@@@@@@@@@@@@@@@@@@@@@@@@@@@@@@@@@@@@@@@@@@@@@@@@@@@@@@@#
#@                                                           @#
#@  You can create an x11vnc password file by running:       @#
#@                                                           @#
#@       x11vnc -storepasswd password /path/to/passfile      @#
#@  or   x11vnc -storepasswd /path/to/passfile               @#
#@  or   x11vnc -storepasswd                                 @#
#@                                                           @#
#@  (the last one will use ~/.vnc/passwd)                    @#
#@                                                           @#
#@  and then starting x11vnc via:                            @#
#@                                                           @#
#@      x11vnc -rfbauth /path/to/passfile                    @#
#@                                                           @#
#@  an existing ~/.vnc/passwd file from another VNC          @#
#@  application will work fine too.                          @#
#@                                                           @#
#@  You can also use the -passwdfile or -passwd options.     @#
#@  (note -passwd is unsafe if local users are not trusted)  @#
#@                                                           @#
#@  Make sure any -rfbauth and -passwdfile password files    @#
#@  cannot be read by untrusted users.                       @#
#@                                                           @#
#@  Use x11vnc -usepw to automatically use your              @#
#@  ~/.vnc/passwd or ~/.vnc/passwdfile password files.       @#
#@  (and prompt you to create ~/.vnc/passwd if neither       @#
#@  file exists.)  Under -usepw, x11vnc will exit if it      @#
#@  cannot find a password to use.                           @#
#@                                                           @#
#@                                                           @#
#@  Even with a password, the subsequent VNC traffic is      @#
#@  sent in the clear.  Consider tunnelling via ssh(1):      @#
#@                                                           @#
#@    http://www.karlrunge.com/x11vnc/#tunnelling            @#
#@                                                           @#
#@  Or using the x11vnc SSL options: -ssl and -stunnel       @#
#@                                                           @#
#@  Please Read the documention for more info about          @#
#@  passwords, security, and encryption.                     @#
#@                                                           @#
#@    http://www.karlrunge.com/x11vnc/faq.html#faq-passwd    @#
#@                                                           @#
#@  To disable this warning use the -nopw option, or put     @#
#@  'nopw' on a line in your ~/.x11vncrc file.               @#
#@                                                           @#
#@@@@@@@@@@@@@@@@@@@@@@@@@@@@@@@@@@@@@@@@@@@@@@@@@@@@@@@@@@@@@#
###############################################################
23/04/2019 11:52:13 x11vnc version: 0.9.13 lastmod: 2011-08-10  pid: 184
23/04/2019 11:52:30 Using X display :9
23/04/2019 11:52:30 rootwin: 0x25c reswin: 0x400001 dpy: 0x100bed0
23/04/2019 11:52:30 
23/04/2019 11:52:30 ------------------ USEFUL INFORMATION ------------------
23/04/2019 11:52:30 X DAMAGE available on display, using it for polling hints.
23/04/2019 11:52:30   To disable this behavior use: '-noxdamage'
23/04/2019 11:52:30 
23/04/2019 11:52:30   Most compositing window managers like 'compiz' or 'beryl'
23/04/2019 11:52:30   cause X DAMAGE to fail, and so you may not see any screen
23/04/2019 11:52:30   updates via VNC.  Either disable 'compiz' (recommended) or
23/04/2019 11:52:30   supply the x11vnc '-noxdamage' command line option.
23/04/2019 11:52:30 
23/04/2019 11:52:30 Wireframing: -wireframe mode is in effect for window moves.
23/04/2019 11:52:30   If this yields undesired behavior (poor response, painting
23/04/2019 11:52:30   errors, etc) it may be disabled:
23/04/2019 11:52:30    - use '-nowf' to disable wireframing completely.
23/04/2019 11:52:30    - use '-nowcr' to disable the Copy Rectangle after the
23/04/2019 11:52:30      moved window is released in the new position.
23/04/2019 11:52:30   Also see the -help entry for tuning parameters.
23/04/2019 11:52:30   You can press 3 Alt_L's (Left "Alt" key) in a row to 
23/04/2019 11:52:30   repaint the screen, also see the -fixscreen option for
23/04/2019 11:52:30   periodic repaints.
23/04/2019 11:52:30 
23/04/2019 11:52:30 XFIXES available on display, resetting cursor mode
23/04/2019 11:52:30   to: '-cursor most'.
23/04/2019 11:52:30   to disable this behavior use: '-cursor arrow'
23/04/2019 11:52:30   or '-noxfixes'.
23/04/2019 11:52:30 using XFIXES for cursor drawing.
23/04/2019 11:52:30 GrabServer control via XTEST.
23/04/2019 11:52:30 
23/04/2019 11:52:30 Scroll Detection: -scrollcopyrect mode is in effect to
23/04/2019 11:52:30   use RECORD extension to try to detect scrolling windows
23/04/2019 11:52:30   (induced by either user keystroke or mouse input).
23/04/2019 11:52:30   If this yields undesired behavior (poor response, painting
23/04/2019 11:52:30   errors, etc) it may be disabled via: '-noscr'
23/04/2019 11:52:30   Also see the -help entry for tuning parameters.
23/04/2019 11:52:30   You can press 3 Alt_L's (Left "Alt" key) in a row to 
23/04/2019 11:52:30   repaint the screen, also see the -fixscreen option for
23/04/2019 11:52:30   periodic repaints.
23/04/2019 11:52:30 
23/04/2019 11:52:30 XKEYBOARD: number of keysyms per keycode 7 is greater
23/04/2019 11:52:30   than 4 and 51 keysyms are mapped above 4.
23/04/2019 11:52:30   Automatically switching to -xkb mode.
23/04/2019 11:52:30   If this makes the key mapping worse you can
23/04/2019 11:52:30   disable it with the "-noxkb" option.
23/04/2019 11:52:30   Also, remember "-remap DEAD" for accenting characters.
23/04/2019 11:52:30 
23/04/2019 11:52:30 X FBPM extension not supported.
23/04/2019 11:52:30 X display is not capable of DPMS.
23/04/2019 11:52:30 --------------------------------------------------------
23/04/2019 11:52:30 
23/04/2019 11:52:30 Default visual ID: 0x21
23/04/2019 11:52:30 Read initial data from X display into framebuffer.
23/04/2019 11:52:30 initialize_screen: fb_depth/fb_bpp/fb_Bpl 24/32/7680
23/04/2019 11:52:30 
23/04/2019 11:52:30 X display :9 is 32bpp depth=24 true color
23/04/2019 11:52:30 
23/04/2019 11:52:30 Listening for VNC connections on TCP port 60002
23/04/2019 11:52:30 Listening for VNC connections on TCP6 port 60002
23/04/2019 11:52:30 listen6: bind: Address already in use
23/04/2019 11:52:30 Not listening on IPv6 interface.
23/04/2019 11:52:30 
23/04/2019 11:52:30 Xinerama is present and active (e.g. multi-head).
23/04/2019 11:52:30 Xinerama: number of sub-screens: 1
23/04/2019 11:52:30 Xinerama: no blackouts needed (only one sub-screen)
23/04/2019 11:52:30 
23/04/2019 11:52:30 fb read rate: 28 MB/sec
23/04/2019 11:52:31 The X server says there are 10 mouse buttons.
23/04/2019 11:52:31 screen setup finished.
23/04/2019 11:52:31 
23/04/2019 11:52:31 WARNING: You are running x11vnc WITHOUT a password.  See
23/04/2019 11:52:31 WARNING: the warning message printed above for more info.
23/04/2019 11:52:31 

The VNC desktop is:      118dbd67ee84:54102
23/04/2019 11:52:31 possible aliases:  118dbd67ee84:60002, 118dbd67ee84::60002

******************************************************************************
Have you tried the x11vnc '-ncache' VNC client-side pixel caching feature yet?

The scheme stores pixel data offscreen on the VNC viewer side for faster
retrieval.  It should work with any VNC viewer.  Try it by running:

    x11vnc -ncache 10 ...

One can also add -ncache_cr for smooth 'copyrect' window motion.
More info: http://www.karlrunge.com/x11vnc/faq.html#faq-client-caching

23/04/2019 11:52:31 Got connection from client 127.0.0.1
23/04/2019 11:52:31   other clients:
23/04/2019 11:52:31 webSocketsHandshake: unknown connection error
23/04/2019 11:52:31 Client 127.0.0.1 gone
23/04/2019 11:52:31 Statistics             events    Transmit/ RawEquiv ( saved)
23/04/2019 11:52:31  TOTALS              :      0 |         0/        0 (  0.0%)
23/04/2019 11:52:31 Statistics             events    Received/ RawEquiv ( saved)
23/04/2019 11:52:31  TOTALS              :      0 |         0/        0 (  0.0%)
23/04/2019 11:53:41 Got connection from client 127.0.0.1
23/04/2019 11:53:41   other clients:
23/04/2019 11:53:41 Normal socket connection
23/04/2019 11:53:42 Disabled X server key autorepeat.
23/04/2019 11:53:42   to force back on run: 'xset r on' (3 times)
23/04/2019 11:53:42 incr accepted_client=1 for 127.0.0.1:50118  sock=12
23/04/2019 11:53:42 Client Protocol Version 3.8
23/04/2019 11:53:42 Protocol version sent 3.8, using 3.8
23/04/2019 11:53:42 rfbProcessClientSecurityType: executing handler for type 1
23/04/2019 11:53:42 rfbProcessClientSecurityType: returning securityResult for client rfb version >= 3.8
23/04/2019 11:53:42 copy_tiles: allocating first_line at size 61
23/04/2019 11:53:42 Pixel format for client 127.0.0.1:
23/04/2019 11:53:42   32 bpp, depth 24, little endian
23/04/2019 11:53:42   true colour: max r 255 g 255 b 255, shift r 16 g 8 b 0
23/04/2019 11:53:42 no translation needed
23/04/2019 11:53:43 rfbProcessClientNormalMessage: ignoring unsupported encoding type tightPng
23/04/2019 11:53:43 Using image quality level 6 for client 127.0.0.1
23/04/2019 11:53:43 Using JPEG subsampling 0, Q79 for client 127.0.0.1
23/04/2019 11:53:43 Using compression level 9 for client 127.0.0.1
23/04/2019 11:53:43 Enabling NewFBSize protocol extension for client 127.0.0.1
23/04/2019 11:53:43 Enabling LastRect protocol extension for client 127.0.0.1
23/04/2019 11:53:43 Enabling full-color cursor updates for client 127.0.0.1
23/04/2019 11:53:43 rfbProcessClientNormalMessage: ignoring unsupported encoding type Enc(0xFFFFFEFE)
23/04/2019 11:53:43 rfbProcessClientNormalMessage: ignoring unsupported encoding type Enc(0xFFFFFECC)
23/04/2019 11:53:43 Enabling Xvp protocol extension for client 127.0.0.1
23/04/2019 11:53:43 rfbProcessClientNormalMessage: ignoring unsupported encoding type Enc(0xFFFFFEC8)
23/04/2019 11:53:43 rfbProcessClientNormalMessage: ignoring unsupported encoding type Enc(0xFFFFFEC7)
23/04/2019 11:53:43 Using tight encoding for client 127.0.0.1
23/04/2019 11:53:47 client useCopyRect: 127.0.0.1 -1
23/04/2019 11:53:47 client_set_net: 127.0.0.1  0.0003
23/04/2019 11:53:47 created   xdamage object: 0x400040
23/04/2019 11:53:51 created selwin: 0x400041
23/04/2019 11:53:51 called initialize_xfixes()
