23/04/2019 11:54:35 passing arg to libvncserver: -rfbport
23/04/2019 11:54:35 passing arg to libvncserver: 60004
23/04/2019 11:54:35 passing arg to libvncserver: -rfbportv6
23/04/2019 11:54:35 passing arg to libvncserver: 60004
###############################################################
#@@@@@@@@@@@@@@@@@@@@@@@@@@@@@@@@@@@@@@@@@@@@@@@@@@@@@@@@@@@@@#
#@                                                           @#
#@  **  WARNING  **  WARNING  **  WARNING  **  WARNING  **   @#
#@                                                           @#
#@        YOU ARE RUNNING X11VNC WITHOUT A PASSWORD!!        @#
#@                                                           @#
#@  This means anyone with network access to this computer   @#
#@  may be able to view and control your desktop.            @#
#@                                                           @#
#@ >>> If you did not mean to do this Press CTRL-C now!! <<< @#
#@                                                           @#
#@@@@@@@@@@@@@@@@@@@@@@@@@@@@@@@@@@@@@@@@@@@@@@@@@@@@@@@@@@@@@#
#@                                                           @#
#@  You can create an x11vnc password file by running:       @#
#@                                                           @#
#@       x11vnc -storepasswd password /path/to/passfile      @#
#@  or   x11vnc -storepasswd /path/to/passfile               @#
#@  or   x11vnc -storepasswd                                 @#
#@                                                           @#
#@  (the last one will use ~/.vnc/passwd)                    @#
#@                                                           @#
#@  and then starting x11vnc via:                            @#
#@                                                           @#
#@      x11vnc -rfbauth /path/to/passfile                    @#
#@                                                           @#
#@  an existing ~/.vnc/passwd file from another VNC          @#
#@  application will work fine too.                          @#
#@                                                           @#
#@  You can also use the -passwdfile or -passwd options.     @#
#@  (note -passwd is unsafe if local users are not trusted)  @#
#@                                                           @#
#@  Make sure any -rfbauth and -passwdfile password files    @#
#@  cannot be read by untrusted users.                       @#
#@                                                           @#
#@  Use x11vnc -usepw to automatically use your              @#
#@  ~/.vnc/passwd or ~/.vnc/passwdfile password files.       @#
#@  (and prompt you to create ~/.vnc/passwd if neither       @#
#@  file exists.)  Under -usepw, x11vnc will exit if it      @#
#@  cannot find a password to use.                           @#
#@                                                           @#
#@                                                           @#
#@  Even with a password, the subsequent VNC traffic is      @#
#@  sent in the clear.  Consider tunnelling via ssh(1):      @#
#@                                                           @#
#@    http://www.karlrunge.com/x11vnc/#tunnelling            @#
#@                                                           @#
#@  Or using the x11vnc SSL options: -ssl and -stunnel       @#
#@                                                           @#
#@  Please Read the documention for more info about          @#
#@  passwords, security, and encryption.                     @#
#@                                                           @#
#@    http://www.karlrunge.com/x11vnc/faq.html#faq-passwd    @#
#@                                                           @#
#@  To disable this warning use the -nopw option, or put     @#
#@  'nopw' on a line in your ~/.x11vncrc file.               @#
#@                                                           @#
#@@@@@@@@@@@@@@@@@@@@@@@@@@@@@@@@@@@@@@@@@@@@@@@@@@@@@@@@@@@@@#
###############################################################
23/04/2019 11:54:36 x11vnc version: 0.9.13 lastmod: 2011-08-10  pid: 175
23/04/2019 11:54:37 Using X display :13
23/04/2019 11:54:37 rootwin: 0x25c reswin: 0x400001 dpy: 0x135eed0
23/04/2019 11:54:37 
23/04/2019 11:54:37 ------------------ USEFUL INFORMATION ------------------
23/04/2019 11:54:37 X DAMAGE available on display, using it for polling hints.
23/04/2019 11:54:37   To disable this behavior use: '-noxdamage'
23/04/2019 11:54:37 
23/04/2019 11:54:37   Most compositing window managers like 'compiz' or 'beryl'
23/04/2019 11:54:37   cause X DAMAGE to fail, and so you may not see any screen
23/04/2019 11:54:37   updates via VNC.  Either disable 'compiz' (recommended) or
23/04/2019 11:54:37   supply the x11vnc '-noxdamage' command line option.
23/04/2019 11:54:37 
23/04/2019 11:54:37 Wireframing: -wireframe mode is in effect for window moves.
23/04/2019 11:54:37   If this yields undesired behavior (poor response, painting
23/04/2019 11:54:37   errors, etc) it may be disabled:
23/04/2019 11:54:37    - use '-nowf' to disable wireframing completely.
23/04/2019 11:54:37    - use '-nowcr' to disable the Copy Rectangle after the
23/04/2019 11:54:37      moved window is released in the new position.
23/04/2019 11:54:37   Also see the -help entry for tuning parameters.
23/04/2019 11:54:37   You can press 3 Alt_L's (Left "Alt" key) in a row to 
23/04/2019 11:54:37   repaint the screen, also see the -fixscreen option for
23/04/2019 11:54:37   periodic repaints.
23/04/2019 11:54:37 
23/04/2019 11:54:37 XFIXES available on display, resetting cursor mode
23/04/2019 11:54:37   to: '-cursor most'.
23/04/2019 11:54:37   to disable this behavior use: '-cursor arrow'
23/04/2019 11:54:37   or '-noxfixes'.
23/04/2019 11:54:37 using XFIXES for cursor drawing.
23/04/2019 11:54:37 GrabServer control via XTEST.
23/04/2019 11:54:37 
23/04/2019 11:54:37 Scroll Detection: -scrollcopyrect mode is in effect to
23/04/2019 11:54:37   use RECORD extension to try to detect scrolling windows
23/04/2019 11:54:37   (induced by either user keystroke or mouse input).
23/04/2019 11:54:37   If this yields undesired behavior (poor response, painting
23/04/2019 11:54:37   errors, etc) it may be disabled via: '-noscr'
23/04/2019 11:54:37   Also see the -help entry for tuning parameters.
23/04/2019 11:54:37   You can press 3 Alt_L's (Left "Alt" key) in a row to 
23/04/2019 11:54:37   repaint the screen, also see the -fixscreen option for
23/04/2019 11:54:37   periodic repaints.
23/04/2019 11:54:37 
23/04/2019 11:54:37 XKEYBOARD: number of keysyms per keycode 7 is greater
23/04/2019 11:54:37   than 4 and 51 keysyms are mapped above 4.
23/04/2019 11:54:37   Automatically switching to -xkb mode.
23/04/2019 11:54:37   If this makes the key mapping worse you can
23/04/2019 11:54:37   disable it with the "-noxkb" option.
23/04/2019 11:54:37   Also, remember "-remap DEAD" for accenting characters.
23/04/2019 11:54:37 
23/04/2019 11:54:37 X FBPM extension not supported.
23/04/2019 11:54:37 X display is not capable of DPMS.
23/04/2019 11:54:37 --------------------------------------------------------
23/04/2019 11:54:37 
23/04/2019 11:54:37 Default visual ID: 0x21
23/04/2019 11:54:37 Read initial data from X display into framebuffer.
23/04/2019 11:54:37 initialize_screen: fb_depth/fb_bpp/fb_Bpl 24/32/7680
23/04/2019 11:54:37 
23/04/2019 11:54:37 X display :13 is 32bpp depth=24 true color
23/04/2019 11:54:37 
23/04/2019 11:54:37 Listening for VNC connections on TCP port 60004
23/04/2019 11:54:37 Listening for VNC connections on TCP6 port 60004
23/04/2019 11:54:37 listen6: bind: Address already in use
23/04/2019 11:54:37 Not listening on IPv6 interface.
23/04/2019 11:54:37 
23/04/2019 11:54:37 Xinerama is present and active (e.g. multi-head).
23/04/2019 11:54:37 Xinerama: number of sub-screens: 1
23/04/2019 11:54:37 Xinerama: no blackouts needed (only one sub-screen)
23/04/2019 11:54:37 
23/04/2019 11:54:37 fb read rate: 257 MB/sec
23/04/2019 11:54:37 fast read: reset -wait  ms to: 10
23/04/2019 11:54:37 fast read: reset -defer ms to: 10
23/04/2019 11:54:37 The X server says there are 10 mouse buttons.
23/04/2019 11:54:37 screen setup finished.
23/04/2019 11:54:37 
23/04/2019 11:54:37 WARNING: You are running x11vnc WITHOUT a password.  See
23/04/2019 11:54:37 WARNING: the warning message printed above for more info.
23/04/2019 11:54:37 

The VNC desktop is:      0d940307d171:54104
23/04/2019 11:54:37 possible aliases:  0d940307d171:60004, 0d940307d171::60004

******************************************************************************
Have you tried the x11vnc '-ncache' VNC client-side pixel caching feature yet?

The scheme stores pixel data offscreen on the VNC viewer side for faster
retrieval.  It should work with any VNC viewer.  Try it by running:

    x11vnc -ncache 10 ...

One can also add -ncache_cr for smooth 'copyrect' window motion.
More info: http://www.karlrunge.com/x11vnc/faq.html#faq-client-caching

23/04/2019 11:54:37 Got connection from client 127.0.0.1
23/04/2019 11:54:37   other clients:
23/04/2019 11:54:37 webSocketsHandshake: unknown connection error
23/04/2019 11:54:37 Client 127.0.0.1 gone
23/04/2019 11:54:37 Statistics             events    Transmit/ RawEquiv ( saved)
23/04/2019 11:54:37  TOTALS              :      0 |         0/        0 (  0.0%)
23/04/2019 11:54:37 Statistics             events    Received/ RawEquiv ( saved)
23/04/2019 11:54:37  TOTALS              :      0 |         0/        0 (  0.0%)
23/04/2019 11:54:37 Got connection from client 127.0.0.1
23/04/2019 11:54:37   other clients:
23/04/2019 11:54:37 webSocketsHandshake: unknown connection error
23/04/2019 11:54:37 Client 127.0.0.1 gone
23/04/2019 11:54:37 Statistics             events    Transmit/ RawEquiv ( saved)
23/04/2019 11:54:37  TOTALS              :      0 |         0/        0 (  0.0%)
23/04/2019 11:54:37 Statistics             events    Received/ RawEquiv ( saved)
23/04/2019 11:54:37  TOTALS              :      0 |         0/        0 (  0.0%)
